[INFO ] 2022-09-20 22:09:16.882 Refreshing org.springframework.web.context.support.GenericWebApplicationContext@6531a794: startup date [Tue Sep 20 22:09:16 COT 2022]; root of context hierarchy
[INFO ] 2022-09-20 22:09:24.112 Looking for @ControllerAdvice: org.springframework.web.context.support.GenericWebApplicationContext@6531a794: startup date [Tue Sep 20 22:09:16 COT 2022]; root of context hierarchy
[INFO ] 2022-09-20 22:09:24.348 Mapped "{[/api/cuenta],methods=[PUT],consumes=[application/json],produces=[application/json]}" onto public org.springframework.http.ResponseEntity<com.challenge.entity.Cuenta> com.challenge.controller.CuentaController.update(com.challenge.entity.Cuenta)
[INFO ] 2022-09-20 22:09:24.353 Mapped "{[/api/cuenta/{id}],methods=[DELETE],consumes=[application/json]}" onto public org.springframework.http.ResponseEntity<com.challenge.entity.Cuenta> com.challenge.controller.CuentaController.delete(long)
[INFO ] 2022-09-20 22:09:24.354 Mapped "{[/api/cuenta],methods=[POST],consumes=[application/json],produces=[application/json]}" onto public org.springframework.http.ResponseEntity<com.challenge.entity.Cuenta> com.challenge.controller.CuentaController.insert(com.challenge.entity.Cuenta)
[INFO ] 2022-09-20 22:09:24.354 Mapped "{[/api/cuenta],methods=[GET],produces=[application/json]}" onto public org.springframework.http.ResponseEntity<java.util.Collection<com.challenge.entity.Cuenta>> com.challenge.controller.CuentaController.getAllAccounts()
[INFO ] 2022-09-20 22:09:24.355 Mapped "{[/api/cuenta/{id}],methods=[GET],produces=[application/json]}" onto public org.springframework.http.ResponseEntity<com.challenge.entity.Cuenta> com.challenge.controller.CuentaController.getAccount(long)
[INFO ] 2022-09-20 22:09:24.358 Mapped "{[/api/transaction/{id}],methods=[GET],produces=[application/json]}" onto public org.springframework.http.ResponseEntity<com.challenge.entity.Transaccion> com.challenge.controller.TransaccionController.find(long)
[INFO ] 2022-09-20 22:09:24.359 Mapped "{[/api/transaction],methods=[POST],consumes=[application/json],produces=[application/json]}" onto public org.springframework.http.ResponseEntity<com.challenge.entity.Transaccion> com.challenge.controller.TransaccionController.insert(com.challenge.entity.Transaccion)
[INFO ] 2022-09-20 22:09:24.360 Mapped "{[/api/transaction],methods=[GET],produces=[application/json]}" onto public org.springframework.http.ResponseEntity<java.util.Collection<com.challenge.entity.Transaccion>> com.challenge.controller.TransaccionController.findAll()
[INFO ] 2022-09-20 22:09:24.363 Mapped "{[/error]}" onto public org.springframework.http.ResponseEntity<java.util.Map<java.lang.String, java.lang.Object>> org.springframework.boot.autoconfigure.web.BasicErrorController.error(javax.servlet.http.HttpServletRequest)
[INFO ] 2022-09-20 22:09:24.364 Mapped "{[/error],produces=[text/html]}" onto public org.springframework.web.servlet.ModelAndView org.springframework.boot.autoconfigure.web.BasicErrorController.errorHtml(javax.servlet.http.HttpServletRequest,javax.servlet.http.HttpServletResponse)
[INFO ] 2022-09-20 22:09:24.458 Mapped URL path [/webjars/**] onto handler of type [class org.springframework.web.servlet.resource.ResourceHttpRequestHandler]
[INFO ] 2022-09-20 22:09:24.459 Mapped URL path [/**] onto handler of type [class org.springframework.web.servlet.resource.ResourceHttpRequestHandler]
[INFO ] 2022-09-20 22:09:24.558 Mapped URL path [/**/favicon.ico] onto handler of type [class org.springframework.web.servlet.resource.ResourceHttpRequestHandler]
[INFO ] 2022-09-20 22:09:25.635 Closing org.springframework.web.context.support.GenericWebApplicationContext@6531a794: startup date [Tue Sep 20 22:09:16 COT 2022]; root of context hierarchy
[INFO ] 2022-09-20 22:09:43.379 Refreshing org.springframework.web.context.support.GenericWebApplicationContext@43015c69: startup date [Tue Sep 20 22:09:43 COT 2022]; root of context hierarchy
[INFO ] 2022-09-20 22:09:50.232 Looking for @ControllerAdvice: org.springframework.web.context.support.GenericWebApplicationContext@43015c69: startup date [Tue Sep 20 22:09:43 COT 2022]; root of context hierarchy
[INFO ] 2022-09-20 22:09:50.415 Mapped "{[/api/cuenta],methods=[PUT],consumes=[application/json],produces=[application/json]}" onto public org.springframework.http.ResponseEntity<com.challenge.entity.Cuenta> com.challenge.controller.CuentaController.update(com.challenge.entity.Cuenta)
[INFO ] 2022-09-20 22:09:50.417 Mapped "{[/api/cuenta/{id}],methods=[DELETE],consumes=[application/json]}" onto public org.springframework.http.ResponseEntity<com.challenge.entity.Cuenta> com.challenge.controller.CuentaController.delete(long)
[INFO ] 2022-09-20 22:09:50.418 Mapped "{[/api/cuenta],methods=[POST],consumes=[application/json],produces=[application/json]}" onto public org.springframework.http.ResponseEntity<com.challenge.entity.Cuenta> com.challenge.controller.CuentaController.insert(com.challenge.entity.Cuenta)
[INFO ] 2022-09-20 22:09:50.419 Mapped "{[/api/cuenta],methods=[GET],produces=[application/json]}" onto public org.springframework.http.ResponseEntity<java.util.Collection<com.challenge.entity.Cuenta>> com.challenge.controller.CuentaController.getAllAccounts()
[INFO ] 2022-09-20 22:09:50.419 Mapped "{[/api/cuenta/{id}],methods=[GET],produces=[application/json]}" onto public org.springframework.http.ResponseEntity<com.challenge.entity.Cuenta> com.challenge.controller.CuentaController.getAccount(long)
[INFO ] 2022-09-20 22:09:50.426 Mapped "{[/api/transaction/{id}],methods=[GET],produces=[application/json]}" onto public org.springframework.http.ResponseEntity<com.challenge.entity.Transaccion> com.challenge.controller.TransaccionController.find(long)
[INFO ] 2022-09-20 22:09:50.427 Mapped "{[/api/transaction],methods=[POST],consumes=[application/json],produces=[application/json]}" onto public org.springframework.http.ResponseEntity<com.challenge.entity.Transaccion> com.challenge.controller.TransaccionController.insert(com.challenge.entity.Transaccion)
[INFO ] 2022-09-20 22:09:50.429 Mapped "{[/api/transaction],methods=[GET],produces=[application/json]}" onto public org.springframework.http.ResponseEntity<java.util.Collection<com.challenge.entity.Transaccion>> com.challenge.controller.TransaccionController.findAll()
[INFO ] 2022-09-20 22:09:50.433 Mapped "{[/error]}" onto public org.springframework.http.ResponseEntity<java.util.Map<java.lang.String, java.lang.Object>> org.springframework.boot.autoconfigure.web.BasicErrorController.error(javax.servlet.http.HttpServletRequest)
[INFO ] 2022-09-20 22:09:50.434 Mapped "{[/error],produces=[text/html]}" onto public org.springframework.web.servlet.ModelAndView org.springframework.boot.autoconfigure.web.BasicErrorController.errorHtml(javax.servlet.http.HttpServletRequest,javax.servlet.http.HttpServletResponse)
[INFO ] 2022-09-20 22:09:50.516 Mapped URL path [/webjars/**] onto handler of type [class org.springframework.web.servlet.resource.ResourceHttpRequestHandler]
[INFO ] 2022-09-20 22:09:50.516 Mapped URL path [/**] onto handler of type [class org.springframework.web.servlet.resource.ResourceHttpRequestHandler]
[INFO ] 2022-09-20 22:09:50.615 Mapped URL path [/**/favicon.ico] onto handler of type [class org.springframework.web.servlet.resource.ResourceHttpRequestHandler]
[INFO ] 2022-09-20 22:10:52.892 Refreshing org.springframework.web.context.support.GenericWebApplicationContext@14f232c4: startup date [Tue Sep 20 22:10:52 COT 2022]; root of context hierarchy
[INFO ] 2022-09-20 22:11:00.578 Looking for @ControllerAdvice: org.springframework.web.context.support.GenericWebApplicationContext@14f232c4: startup date [Tue Sep 20 22:10:52 COT 2022]; root of context hierarchy
[INFO ] 2022-09-20 22:11:00.756 Mapped "{[/api/cuenta],methods=[PUT],consumes=[application/json],produces=[application/json]}" onto public org.springframework.http.ResponseEntity<com.challenge.entity.Cuenta> com.challenge.controller.CuentaController.update(com.challenge.entity.Cuenta)
[INFO ] 2022-09-20 22:11:00.757 Mapped "{[/api/cuenta/{id}],methods=[DELETE],consumes=[application/json]}" onto public org.springframework.http.ResponseEntity<com.challenge.entity.Cuenta> com.challenge.controller.CuentaController.delete(long)
[INFO ] 2022-09-20 22:11:00.758 Mapped "{[/api/cuenta],methods=[POST],consumes=[application/json],produces=[application/json]}" onto public org.springframework.http.ResponseEntity<com.challenge.entity.Cuenta> com.challenge.controller.CuentaController.insert(com.challenge.entity.Cuenta)
[INFO ] 2022-09-20 22:11:00.759 Mapped "{[/api/cuenta],methods=[GET],produces=[application/json]}" onto public org.springframework.http.ResponseEntity<java.util.Collection<com.challenge.entity.Cuenta>> com.challenge.controller.CuentaController.getAllAccounts()
[INFO ] 2022-09-20 22:11:00.759 Mapped "{[/api/cuenta/{id}],methods=[GET],produces=[application/json]}" onto public org.springframework.http.ResponseEntity<com.challenge.entity.Cuenta> com.challenge.controller.CuentaController.getAccount(long)
[INFO ] 2022-09-20 22:11:00.762 Mapped "{[/api/transaction/{id}],methods=[GET],produces=[application/json]}" onto public org.springframework.http.ResponseEntity<com.challenge.entity.Transaccion> com.challenge.controller.TransaccionController.find(long)
[INFO ] 2022-09-20 22:11:00.763 Mapped "{[/api/transaction],methods=[POST],consumes=[application/json],produces=[application/json]}" onto public org.springframework.http.ResponseEntity<com.challenge.entity.Transaccion> com.challenge.controller.TransaccionController.insert(com.challenge.entity.Transaccion)
[INFO ] 2022-09-20 22:11:00.764 Mapped "{[/api/transaction],methods=[GET],produces=[application/json]}" onto public org.springframework.http.ResponseEntity<java.util.Collection<com.challenge.entity.Transaccion>> com.challenge.controller.TransaccionController.findAll()
[INFO ] 2022-09-20 22:11:00.768 Mapped "{[/error]}" onto public org.springframework.http.ResponseEntity<java.util.Map<java.lang.String, java.lang.Object>> org.springframework.boot.autoconfigure.web.BasicErrorController.error(javax.servlet.http.HttpServletRequest)
[INFO ] 2022-09-20 22:11:00.769 Mapped "{[/error],produces=[text/html]}" onto public org.springframework.web.servlet.ModelAndView org.springframework.boot.autoconfigure.web.BasicErrorController.errorHtml(javax.servlet.http.HttpServletRequest,javax.servlet.http.HttpServletResponse)
[INFO ] 2022-09-20 22:11:00.849 Mapped URL path [/webjars/**] onto handler of type [class org.springframework.web.servlet.resource.ResourceHttpRequestHandler]
[INFO ] 2022-09-20 22:11:00.850 Mapped URL path [/**] onto handler of type [class org.springframework.web.servlet.resource.ResourceHttpRequestHandler]
[INFO ] 2022-09-20 22:11:00.936 Mapped URL path [/**/favicon.ico] onto handler of type [class org.springframework.web.servlet.resource.ResourceHttpRequestHandler]
[INFO ] 2022-09-20 22:11:01.863 Closing org.springframework.web.context.support.GenericWebApplicationContext@14f232c4: startup date [Tue Sep 20 22:10:52 COT 2022]; root of context hierarchy
[INFO ] 2022-09-20 22:11:12.748 Refreshing org.springframework.web.context.support.GenericWebApplicationContext@43015c69: startup date [Tue Sep 20 22:11:12 COT 2022]; root of context hierarchy
[INFO ] 2022-09-20 22:11:19.578 Looking for @ControllerAdvice: org.springframework.web.context.support.GenericWebApplicationContext@43015c69: startup date [Tue Sep 20 22:11:12 COT 2022]; root of context hierarchy
[INFO ] 2022-09-20 22:11:19.738 Mapped "{[/api/cuenta],methods=[PUT],consumes=[application/json],produces=[application/json]}" onto public org.springframework.http.ResponseEntity<com.challenge.entity.Cuenta> com.challenge.controller.CuentaController.update(com.challenge.entity.Cuenta)
[INFO ] 2022-09-20 22:11:19.740 Mapped "{[/api/cuenta/{id}],methods=[DELETE],consumes=[application/json]}" onto public org.springframework.http.ResponseEntity<com.challenge.entity.Cuenta> com.challenge.controller.CuentaController.delete(long)
[INFO ] 2022-09-20 22:11:19.741 Mapped "{[/api/cuenta],methods=[POST],consumes=[application/json],produces=[application/json]}" onto public org.springframework.http.ResponseEntity<com.challenge.entity.Cuenta> com.challenge.controller.CuentaController.insert(com.challenge.entity.Cuenta)
[INFO ] 2022-09-20 22:11:19.743 Mapped "{[/api/cuenta/{id}],methods=[GET],produces=[application/json]}" onto public org.springframework.http.ResponseEntity<com.challenge.entity.Cuenta> com.challenge.controller.CuentaController.getAccount(long)
[INFO ] 2022-09-20 22:11:19.744 Mapped "{[/api/cuenta],methods=[GET],produces=[application/json]}" onto public org.springframework.http.ResponseEntity<java.util.Collection<com.challenge.entity.Cuenta>> com.challenge.controller.CuentaController.getAllAccounts()
[INFO ] 2022-09-20 22:11:19.750 Mapped "{[/api/transaction/{id}],methods=[GET],produces=[application/json]}" onto public org.springframework.http.ResponseEntity<com.challenge.entity.Transaccion> com.challenge.controller.TransaccionController.find(long)
[INFO ] 2022-09-20 22:11:19.750 Mapped "{[/api/transaction],methods=[POST],consumes=[application/json],produces=[application/json]}" onto public org.springframework.http.ResponseEntity<com.challenge.entity.Transaccion> com.challenge.controller.TransaccionController.insert(com.challenge.entity.Transaccion)
[INFO ] 2022-09-20 22:11:19.751 Mapped "{[/api/transaction],methods=[GET],produces=[application/json]}" onto public org.springframework.http.ResponseEntity<java.util.Collection<com.challenge.entity.Transaccion>> com.challenge.controller.TransaccionController.findAll()
[INFO ] 2022-09-20 22:11:19.755 Mapped "{[/error]}" onto public org.springframework.http.ResponseEntity<java.util.Map<java.lang.String, java.lang.Object>> org.springframework.boot.autoconfigure.web.BasicErrorController.error(javax.servlet.http.HttpServletRequest)
[INFO ] 2022-09-20 22:11:19.756 Mapped "{[/error],produces=[text/html]}" onto public org.springframework.web.servlet.ModelAndView org.springframework.boot.autoconfigure.web.BasicErrorController.errorHtml(javax.servlet.http.HttpServletRequest,javax.servlet.http.HttpServletResponse)
[INFO ] 2022-09-20 22:11:19.839 Mapped URL path [/webjars/**] onto handler of type [class org.springframework.web.servlet.resource.ResourceHttpRequestHandler]
[INFO ] 2022-09-20 22:11:19.839 Mapped URL path [/**] onto handler of type [class org.springframework.web.servlet.resource.ResourceHttpRequestHandler]
[INFO ] 2022-09-20 22:11:19.930 Mapped URL path [/**/favicon.ico] onto handler of type [class org.springframework.web.servlet.resource.ResourceHttpRequestHandler]
[INFO ] 2022-09-20 22:11:20.714 Closing org.springframework.web.context.support.GenericWebApplicationContext@43015c69: startup date [Tue Sep 20 22:11:12 COT 2022]; root of context hierarchy
[INFO ] 2022-09-20 22:12:24.925 Root WebApplicationContext: initialization completed in 3731 ms
[INFO ] 2022-09-20 22:12:28.425 Looking for @ControllerAdvice: org.springframework.boot.context.embedded.AnnotationConfigEmbeddedWebApplicationContext@13fd2ccd: startup date [Tue Sep 20 22:12:21 COT 2022]; root of context hierarchy
[INFO ] 2022-09-20 22:12:28.615 Mapped "{[/api/cuenta],methods=[PUT],consumes=[application/json],produces=[application/json]}" onto public org.springframework.http.ResponseEntity<com.challenge.entity.Cuenta> com.challenge.controller.CuentaController.update(com.challenge.entity.Cuenta)
[INFO ] 2022-09-20 22:12:28.620 Mapped "{[/api/cuenta/{id}],methods=[DELETE],consumes=[application/json]}" onto public org.springframework.http.ResponseEntity<com.challenge.entity.Cuenta> com.challenge.controller.CuentaController.delete(long)
[INFO ] 2022-09-20 22:12:28.622 Mapped "{[/api/cuenta],methods=[POST],consumes=[application/json],produces=[application/json]}" onto public org.springframework.http.ResponseEntity<com.challenge.entity.Cuenta> com.challenge.controller.CuentaController.insert(com.challenge.entity.Cuenta)
[INFO ] 2022-09-20 22:12:28.625 Mapped "{[/api/cuenta/{id}],methods=[GET],produces=[application/json]}" onto public org.springframework.http.ResponseEntity<com.challenge.entity.Cuenta> com.challenge.controller.CuentaController.getAccount(long)
[INFO ] 2022-09-20 22:12:28.632 Mapped "{[/api/cuenta],methods=[GET],produces=[application/json]}" onto public org.springframework.http.ResponseEntity<java.util.Collection<com.challenge.entity.Cuenta>> com.challenge.controller.CuentaController.getAllAccounts()
[INFO ] 2022-09-20 22:12:28.640 Mapped "{[/api/transaction/{id}],methods=[GET],produces=[application/json]}" onto public org.springframework.http.ResponseEntity<com.challenge.entity.Transaccion> com.challenge.controller.TransaccionController.find(long)
[INFO ] 2022-09-20 22:12:28.642 Mapped "{[/api/transaction],methods=[POST],consumes=[application/json],produces=[application/json]}" onto public org.springframework.http.ResponseEntity<com.challenge.entity.Transaccion> com.challenge.controller.TransaccionController.insert(com.challenge.entity.Transaccion)
[INFO ] 2022-09-20 22:12:28.644 Mapped "{[/api/transaction],methods=[GET],produces=[application/json]}" onto public org.springframework.http.ResponseEntity<java.util.Collection<com.challenge.entity.Transaccion>> com.challenge.controller.TransaccionController.findAll()
[INFO ] 2022-09-20 22:12:28.649 Mapped "{[/error]}" onto public org.springframework.http.ResponseEntity<java.util.Map<java.lang.String, java.lang.Object>> org.springframework.boot.autoconfigure.web.BasicErrorController.error(javax.servlet.http.HttpServletRequest)
[INFO ] 2022-09-20 22:12:28.665 Mapped "{[/error],produces=[text/html]}" onto public org.springframework.web.servlet.ModelAndView org.springframework.boot.autoconfigure.web.BasicErrorController.errorHtml(javax.servlet.http.HttpServletRequest,javax.servlet.http.HttpServletResponse)
[INFO ] 2022-09-20 22:12:28.776 Mapped URL path [/webjars/**] onto handler of type [class org.springframework.web.servlet.resource.ResourceHttpRequestHandler]
[INFO ] 2022-09-20 22:12:28.780 Mapped URL path [/**] onto handler of type [class org.springframework.web.servlet.resource.ResourceHttpRequestHandler]
[INFO ] 2022-09-20 22:12:28.909 Mapped URL path [/**/favicon.ico] onto handler of type [class org.springframework.web.servlet.resource.ResourceHttpRequestHandler]
[INFO ] 2022-09-20 22:14:06.390 FrameworkServlet 'dispatcherServlet': initialization started
[INFO ] 2022-09-20 22:14:06.425 FrameworkServlet 'dispatcherServlet': initialization completed in 34 ms
[INFO ] 2022-09-20 22:24:25.903 Root WebApplicationContext: initialization completed in 4690 ms
[INFO ] 2022-09-20 22:24:30.206 Looking for @ControllerAdvice: org.springframework.boot.context.embedded.AnnotationConfigEmbeddedWebApplicationContext@759d26fb: startup date [Tue Sep 20 22:24:21 COT 2022]; root of context hierarchy
[INFO ] 2022-09-20 22:24:30.616 Mapped "{[/api/cuenta],methods=[PUT],consumes=[application/json],produces=[application/json]}" onto public org.springframework.http.ResponseEntity<com.challenge.entity.Cuenta> com.challenge.controller.CuentaController.update(com.challenge.entity.Cuenta)
[INFO ] 2022-09-20 22:24:30.627 Mapped "{[/api/cuenta/{id}],methods=[DELETE],consumes=[application/json]}" onto public org.springframework.http.ResponseEntity<com.challenge.entity.Cuenta> com.challenge.controller.CuentaController.delete(long)
[INFO ] 2022-09-20 22:24:30.633 Mapped "{[/api/cuenta],methods=[POST],consumes=[application/json],produces=[application/json]}" onto public org.springframework.http.ResponseEntity<com.challenge.entity.Cuenta> com.challenge.controller.CuentaController.insert(com.challenge.entity.Cuenta)
[INFO ] 2022-09-20 22:24:30.645 Mapped "{[/api/cuenta],methods=[GET],produces=[application/json]}" onto public org.springframework.http.ResponseEntity<java.util.Collection<com.challenge.entity.Cuenta>> com.challenge.controller.CuentaController.getAllAccounts()
[INFO ] 2022-09-20 22:24:30.649 Mapped "{[/api/cuenta/{id}],methods=[GET],produces=[application/json]}" onto public org.springframework.http.ResponseEntity<com.challenge.entity.Cuenta> com.challenge.controller.CuentaController.getAccount(long)
[INFO ] 2022-09-20 22:24:30.667 Mapped "{[/api/transaction/{id}],methods=[GET],produces=[application/json]}" onto public org.springframework.http.ResponseEntity<com.challenge.entity.Transaccion> com.challenge.controller.TransaccionController.find(long)
[INFO ] 2022-09-20 22:24:30.681 Mapped "{[/api/transaction],methods=[POST],consumes=[application/json],produces=[application/json]}" onto public org.springframework.http.ResponseEntity<com.challenge.entity.Transaccion> com.challenge.controller.TransaccionController.insert(com.challenge.entity.Transaccion)
[INFO ] 2022-09-20 22:24:30.684 Mapped "{[/api/transaction],methods=[GET],produces=[application/json]}" onto public org.springframework.http.ResponseEntity<java.util.Collection<com.challenge.entity.Transaccion>> com.challenge.controller.TransaccionController.findAll()
[INFO ] 2022-09-20 22:24:30.703 Mapped "{[/error]}" onto public org.springframework.http.ResponseEntity<java.util.Map<java.lang.String, java.lang.Object>> org.springframework.boot.autoconfigure.web.BasicErrorController.error(javax.servlet.http.HttpServletRequest)
[INFO ] 2022-09-20 22:24:30.712 Mapped "{[/error],produces=[text/html]}" onto public org.springframework.web.servlet.ModelAndView org.springframework.boot.autoconfigure.web.BasicErrorController.errorHtml(javax.servlet.http.HttpServletRequest,javax.servlet.http.HttpServletResponse)
[INFO ] 2022-09-20 22:24:30.875 Mapped URL path [/webjars/**] onto handler of type [class org.springframework.web.servlet.resource.ResourceHttpRequestHandler]
[INFO ] 2022-09-20 22:24:30.878 Mapped URL path [/**] onto handler of type [class org.springframework.web.servlet.resource.ResourceHttpRequestHandler]
[INFO ] 2022-09-20 22:24:31.172 Mapped URL path [/**/favicon.ico] onto handler of type [class org.springframework.web.servlet.resource.ResourceHttpRequestHandler]
[INFO ] 2022-09-20 22:33:43.054 FrameworkServlet 'dispatcherServlet': initialization started
[INFO ] 2022-09-20 22:33:43.085 FrameworkServlet 'dispatcherServlet': initialization completed in 30 ms
[INFO ] 2022-09-20 22:36:01.920 Root WebApplicationContext: initialization completed in 3857 ms
[INFO ] 2022-09-20 22:36:04.838 Looking for @ControllerAdvice: org.springframework.boot.context.embedded.AnnotationConfigEmbeddedWebApplicationContext@759d26fb: startup date [Tue Sep 20 22:35:58 COT 2022]; root of context hierarchy
[INFO ] 2022-09-20 22:36:04.975 Mapped "{[/api/cuenta],methods=[PUT],consumes=[application/json],produces=[application/json]}" onto public org.springframework.http.ResponseEntity<com.challenge.entity.Cuenta> com.challenge.controller.CuentaController.update(com.challenge.entity.Cuenta)
[INFO ] 2022-09-20 22:36:04.978 Mapped "{[/api/cuenta/{id}],methods=[DELETE],consumes=[application/json]}" onto public org.springframework.http.ResponseEntity<com.challenge.entity.Cuenta> com.challenge.controller.CuentaController.delete(long)
[INFO ] 2022-09-20 22:36:04.979 Mapped "{[/api/cuenta],methods=[POST],consumes=[application/json],produces=[application/json]}" onto public org.springframework.http.ResponseEntity<com.challenge.entity.Cuenta> com.challenge.controller.CuentaController.insert(com.challenge.entity.Cuenta)
[INFO ] 2022-09-20 22:36:04.981 Mapped "{[/api/cuenta/{id}],methods=[GET],produces=[application/json]}" onto public org.springframework.http.ResponseEntity<com.challenge.entity.Cuenta> com.challenge.controller.CuentaController.getAccount(long)
[INFO ] 2022-09-20 22:36:04.982 Mapped "{[/api/cuenta],methods=[GET],produces=[application/json]}" onto public org.springframework.http.ResponseEntity<java.util.Collection<com.challenge.entity.Cuenta>> com.challenge.controller.CuentaController.getAllAccounts()
[INFO ] 2022-09-20 22:36:04.987 Mapped "{[/api/transaccion/{id}],methods=[GET],produces=[application/json]}" onto public org.springframework.http.ResponseEntity<com.challenge.entity.Transaccion> com.challenge.controller.TransaccionController.find(long)
[INFO ] 2022-09-20 22:36:04.992 Mapped "{[/api/transaccion],methods=[POST],consumes=[application/json],produces=[application/json]}" onto public org.springframework.http.ResponseEntity<com.challenge.entity.Transaccion> com.challenge.controller.TransaccionController.insert(com.challenge.entity.Transaccion)
[INFO ] 2022-09-20 22:36:04.994 Mapped "{[/api/transaccion],methods=[GET],produces=[application/json]}" onto public org.springframework.http.ResponseEntity<java.util.Collection<com.challenge.entity.Transaccion>> com.challenge.controller.TransaccionController.findAll()
[INFO ] 2022-09-20 22:36:04.999 Mapped "{[/error]}" onto public org.springframework.http.ResponseEntity<java.util.Map<java.lang.String, java.lang.Object>> org.springframework.boot.autoconfigure.web.BasicErrorController.error(javax.servlet.http.HttpServletRequest)
[INFO ] 2022-09-20 22:36:05.002 Mapped "{[/error],produces=[text/html]}" onto public org.springframework.web.servlet.ModelAndView org.springframework.boot.autoconfigure.web.BasicErrorController.errorHtml(javax.servlet.http.HttpServletRequest,javax.servlet.http.HttpServletResponse)
[INFO ] 2022-09-20 22:36:05.180 Mapped URL path [/webjars/**] onto handler of type [class org.springframework.web.servlet.resource.ResourceHttpRequestHandler]
[INFO ] 2022-09-20 22:36:05.219 Mapped URL path [/**] onto handler of type [class org.springframework.web.servlet.resource.ResourceHttpRequestHandler]
[INFO ] 2022-09-20 22:36:05.333 Mapped URL path [/**/favicon.ico] onto handler of type [class org.springframework.web.servlet.resource.ResourceHttpRequestHandler]
[INFO ] 2022-09-20 22:38:14.562 Root WebApplicationContext: initialization completed in 3247 ms
[INFO ] 2022-09-20 22:38:17.681 Looking for @ControllerAdvice: org.springframework.boot.context.embedded.AnnotationConfigEmbeddedWebApplicationContext@13fd2ccd: startup date [Tue Sep 20 22:38:11 COT 2022]; root of context hierarchy
[INFO ] 2022-09-20 22:38:17.877 Mapped "{[/api/cuenta],methods=[GET],produces=[application/json]}" onto public org.springframework.http.ResponseEntity<java.util.Collection<com.challenge.entity.Cuenta>> com.challenge.controller.CuentaController.getAllAccounts()
[INFO ] 2022-09-20 22:38:17.882 Mapped "{[/api/cuenta/{id}],methods=[GET],produces=[application/json]}" onto public org.springframework.http.ResponseEntity<com.challenge.entity.Cuenta> com.challenge.controller.CuentaController.getAccount(long)
[INFO ] 2022-09-20 22:38:17.883 Mapped "{[/api/cuenta],methods=[PUT],consumes=[application/json],produces=[application/json]}" onto public org.springframework.http.ResponseEntity<com.challenge.entity.Cuenta> com.challenge.controller.CuentaController.update(com.challenge.entity.Cuenta)
[INFO ] 2022-09-20 22:38:17.885 Mapped "{[/api/cuenta/{id}],methods=[DELETE],consumes=[application/json]}" onto public org.springframework.http.ResponseEntity<com.challenge.entity.Cuenta> com.challenge.controller.CuentaController.delete(long)
[INFO ] 2022-09-20 22:38:17.886 Mapped "{[/api/cuenta],methods=[POST],consumes=[application/json],produces=[application/json]}" onto public org.springframework.http.ResponseEntity<com.challenge.entity.Cuenta> com.challenge.controller.CuentaController.insert(com.challenge.entity.Cuenta)
[INFO ] 2022-09-20 22:38:17.894 Mapped "{[/api/transaccion],methods=[GET],produces=[application/json]}" onto public org.springframework.http.ResponseEntity<java.util.Collection<com.challenge.entity.Transaccion>> com.challenge.controller.TransaccionController.findAll()
[INFO ] 2022-09-20 22:38:17.897 Mapped "{[/api/transaccion/{id}],methods=[GET],produces=[application/json]}" onto public org.springframework.http.ResponseEntity<com.challenge.entity.Transaccion> com.challenge.controller.TransaccionController.find(long)
[INFO ] 2022-09-20 22:38:17.899 Mapped "{[/api/transaccion],methods=[POST],consumes=[application/json],produces=[application/json]}" onto public org.springframework.http.ResponseEntity<com.challenge.entity.Transaccion> com.challenge.controller.TransaccionController.insert(com.challenge.entity.Transaccion)
[INFO ] 2022-09-20 22:38:17.915 Mapped "{[/error],produces=[text/html]}" onto public org.springframework.web.servlet.ModelAndView org.springframework.boot.autoconfigure.web.BasicErrorController.errorHtml(javax.servlet.http.HttpServletRequest,javax.servlet.http.HttpServletResponse)
[INFO ] 2022-09-20 22:38:17.918 Mapped "{[/error]}" onto public org.springframework.http.ResponseEntity<java.util.Map<java.lang.String, java.lang.Object>> org.springframework.boot.autoconfigure.web.BasicErrorController.error(javax.servlet.http.HttpServletRequest)
[INFO ] 2022-09-20 22:38:18.014 Mapped URL path [/webjars/**] onto handler of type [class org.springframework.web.servlet.resource.ResourceHttpRequestHandler]
[INFO ] 2022-09-20 22:38:18.015 Mapped URL path [/**] onto handler of type [class org.springframework.web.servlet.resource.ResourceHttpRequestHandler]
[INFO ] 2022-09-20 22:38:18.095 Mapped URL path [/**/favicon.ico] onto handler of type [class org.springframework.web.servlet.resource.ResourceHttpRequestHandler]
[INFO ] 2022-09-20 22:39:18.828 FrameworkServlet 'dispatcherServlet': initialization started
[INFO ] 2022-09-20 22:39:18.869 FrameworkServlet 'dispatcherServlet': initialization completed in 40 ms
